b 1
b 2
b 3
b 4
b 5
b 6
b 7
d 5 1
d 5 2
d 1 1
d 5 3
d 3 1
d 3 2
b 8
d 3 3
d 3 4
d 5 4
d 3 5
d 3 6
d 5 5
d 5 6
d 3 7
b 9
d 3 8
d 5 7
d 5 8
d 5 9
d 1 2
b 10
d 3 9
d 1 3
b 11
d 5 10
b 12
d 1 4
d 1 5
d 3 10
b 13
d 5 11
d 5 12
d 1 6
d 1 7
b 14
d 3 11
d 3 12
b 15
d 3 13
d 5 13
b 16
d 1 8
d 5 14
d 1 9
b 17
d 1 10
d 3 14
d 3 15
d 3 16
d 5 15
b 18
d 5 16
d 1 11
b 19
d 5 17
d 3 17
d 1 12
d 5 18
b 20
b 21
d 3 18
d 1 13
d 1 14
d 3 19
d 3 20
d 3 21
b 22
d 5 19
d 5 20
d 5 21
b 23
d 1 15
d 1 16
b 24
d 5 22
d 1 17
d 3 22
b 25
d 3 23
d 5 23
d 1 18
d 3 24
b 26
b 27
d 5 24
d 5 25
d 3 25
d 3 26
b 28
d 5 26
d 5 27
d 3 27
d 5 28
b 29
b 30
b 31
d 5 29
d 5 30
d 3 28
d 3 29
b 32
d 3 30
d 3 31
b 33
d 5 31
b 34
d 3 32
b 35
d 3 33
b 36
d 3 34
b 37
d 3 35
b 38
d 3 36
b 39
b 40
d 3 37
b 41
d 3 38
b 42
d 3 39
d 3 40
d 3 41
b 43
b 44
b 45
d 3 42
d 3 43
b 46
d 3 44
b 47
b 48
b 49
b 50
b 51
b 52
b 53
b 54
b 55
b 56
b 57
b 58
b 59
b 60
b 61
b 62
b 63
b 64
b 65
b 66
b 67
b 68
b 69
b 70
b 71
b 72
b 73
b 74
b 75
b 76
b 77
b 78
b 79
b 80
b 81
b 82
b 83
b 84
b 85
b 86
b 87
b 88
b 89
b 90
b 91
b 92
b 93
b 94
b 95
b 96
b 97
b 98
b 99
b 100
