b 1
b 2
b 3
b 4
b 5
b 6
d 1 1
b 7
d 5 1
d 3 1
b 8
d 3 2
d 3 3
d 3 4
d 3 5
d 3 6
b 9
d 3 7
b 10
d 1 2
d 1 3
d 3 8
b 11
d 3 9
b 12
d 3 10
b 13
d 3 11
b 14
d 3 12
b 15
d 3 13
d 3 14
b 16
b 17
b 18
d 3 15
d 3 16
b 19
b 20
d 3 17
b 21
b 22
d 3 18
b 23
d 3 19
d 3 20
d 3 21
d 3 22
b 24
d 3 23
b 25
b 26
b 27
d 3 24
b 28
d 3 25
d 3 26
b 29
d 3 27
d 3 28
b 30
d 3 29
b 31
b 32
b 33
d 3 30
d 3 31
d 3 32
b 34
b 35
d 3 33
b 36
b 37
d 3 34
b 38
b 39
d 3 35
d 3 36
d 3 37
d 3 38
b 40
b 41
b 42
d 3 39
d 3 40
b 43
d 3 41
b 44
d 3 42
b 45
b 46
b 47
b 48
b 49
b 50
b 51
b 52
b 53
b 54
b 55
b 56
b 57
b 58
b 59
b 60
b 61
b 62
b 63
b 64
b 65
b 66
b 67
b 68
b 69
b 70
b 71
b 72
b 73
b 74
b 75
b 76
b 77
b 78
b 79
b 80
b 81
b 82
b 83
b 84
b 85
b 86
b 87
b 88
b 89
b 90
b 91
b 92
b 93
b 94
b 95
b 96
b 97
b 98
b 99
b 100
